[0m14:18:19.578684 [debug] [MainThread]: Sending event: {'category': 'dbt', 'action': 'invocation', 'label': 'start', 'context': [<snowplow_tracker.self_describing_json.SelfDescribingJson object at 0x10c547d70>, <snowplow_tracker.self_describing_json.SelfDescribingJson object at 0x10ce82fc0>, <snowplow_tracker.self_describing_json.SelfDescribingJson object at 0x10ce82cc0>]}


============================== 14:18:19.581170 | 9dd14d2b-4824-404a-949f-4f74abe6b007 ==============================
[0m14:18:19.581170 [info ] [MainThread]: Running with dbt=1.11.4
[0m14:18:19.581420 [debug] [MainThread]: running dbt with arguments {'partial_parse': 'True', 'write_json': 'True', 'send_anonymous_usage_stats': 'True', 'indirect_selection': 'eager', 'warn_error': 'None', 'fail_fast': 'False', 'no_print': 'None', 'target_path': 'None', 'printer_width': '80', 'profiles_dir': '/Users/sanghyun/.dbt', 'introspect': 'True', 'invocation_command': 'dbt docs generate', 'cache_selected_only': 'False', 'static_parser': 'True', 'use_experimental_parser': 'False', 'use_colors': 'True', 'warn_error_options': 'WarnErrorOptionsV2(error=[], warn=[], silence=[])', 'log_cache_events': 'False', 'empty': 'None', 'log_path': 'logs', 'debug': 'False', 'version_check': 'True', 'quiet': 'False', 'log_format': 'default'}
[0m14:18:19.581707 [error] [MainThread]: Encountered an error:
Runtime Error
  No dbt_project.yml found at expected path /Users/sanghyun/inha/project/혼자공부/DE_engineer/DOCKER/01_Study/4_week/dbt_project.yml
  Verify that each entry within packages.yml (and their transitive dependencies) contains a file named dbt_project.yml
  
[0m14:18:19.583481 [debug] [MainThread]: Resource report: {"command_name": "generate", "command_success": false, "command_wall_clock_time": 0.03572229, "process_in_blocks": "0", "process_kernel_time": 0.134268, "process_mem_max_rss": "116031488", "process_out_blocks": "0", "process_user_time": 0.563662}
[0m14:18:19.583768 [debug] [MainThread]: Command `dbt docs generate` failed at 14:18:19.583722 after 0.04 seconds
[0m14:18:19.583922 [debug] [MainThread]: Sending event: {'category': 'dbt', 'action': 'invocation', 'label': 'end', 'context': [<snowplow_tracker.self_describing_json.SelfDescribingJson object at 0x10b5a0200>, <snowplow_tracker.self_describing_json.SelfDescribingJson object at 0x10ce83110>, <snowplow_tracker.self_describing_json.SelfDescribingJson object at 0x10ce830e0>]}
[0m14:18:19.584072 [debug] [MainThread]: Flushing usage events
[0m14:18:20.504718 [debug] [MainThread]: An error was encountered while trying to flush usage events
[0m14:18:21.287821 [debug] [MainThread]: Sending event: {'category': 'dbt', 'action': 'invocation', 'label': 'start', 'context': [<snowplow_tracker.self_describing_json.SelfDescribingJson object at 0x110149e20>, <snowplow_tracker.self_describing_json.SelfDescribingJson object at 0x11097ec60>, <snowplow_tracker.self_describing_json.SelfDescribingJson object at 0x11097e930>]}


============================== 14:18:21.289727 | 74a4e3c2-aae6-42b9-8578-67e3cdb03efe ==============================
[0m14:18:21.289727 [info ] [MainThread]: Running with dbt=1.11.4
[0m14:18:21.289982 [debug] [MainThread]: running dbt with arguments {'send_anonymous_usage_stats': 'True', 'debug': 'False', 'printer_width': '80', 'log_format': 'default', 'partial_parse': 'True', 'write_json': 'True', 'cache_selected_only': 'False', 'static_parser': 'True', 'profiles_dir': '/Users/sanghyun/.dbt', 'log_path': 'logs', 'introspect': 'True', 'indirect_selection': 'eager', 'target_path': 'None', 'warn_error': 'None', 'fail_fast': 'False', 'quiet': 'False', 'use_colors': 'True', 'warn_error_options': 'WarnErrorOptionsV2(error=[], warn=[], silence=[])', 'version_check': 'True', 'log_cache_events': 'False', 'use_experimental_parser': 'False', 'invocation_command': 'dbt docs serve', 'no_print': 'None', 'empty': 'None'}
[0m14:18:21.290211 [error] [MainThread]: Encountered an error:
Runtime Error
  No dbt_project.yml found at expected path /Users/sanghyun/inha/project/혼자공부/DE_engineer/DOCKER/01_Study/4_week/dbt_project.yml
  Verify that each entry within packages.yml (and their transitive dependencies) contains a file named dbt_project.yml
  
[0m14:18:21.291359 [debug] [MainThread]: Resource report: {"command_name": "serve", "command_success": false, "command_wall_clock_time": 0.030747417, "process_in_blocks": "0", "process_kernel_time": 0.089768, "process_mem_max_rss": "116948992", "process_out_blocks": "0", "process_user_time": 0.529977}
[0m14:18:21.291663 [debug] [MainThread]: Command `dbt docs serve` failed at 14:18:21.291621 after 0.03 seconds
[0m14:18:21.291809 [debug] [MainThread]: Sending event: {'category': 'dbt', 'action': 'invocation', 'label': 'end', 'context': [<snowplow_tracker.self_describing_json.SelfDescribingJson object at 0x103322e40>, <snowplow_tracker.self_describing_json.SelfDescribingJson object at 0x110148440>, <snowplow_tracker.self_describing_json.SelfDescribingJson object at 0x11029b950>]}
[0m14:18:21.291946 [debug] [MainThread]: Flushing usage events
[0m14:18:22.114929 [debug] [MainThread]: An error was encountered while trying to flush usage events
